<?xml version="1.0" encoding="UTF-8"?>
<!-- Generated by org.testng.reporters.JUnitXMLReporter -->
<testsuite ignored="0" hostname="WINDOWS-J0ACLPE" failures="0" tests="2" name="Errorvalidation Test" time="24.947" errors="0" timestamp="2024-07-21T15:23:32 IST">
  <testcase classname="rahulshettyacademyInterview.ErrorValidations" name="LoginErrorValidation" time="4.743"/>
  <testcase classname="rahulshettyacademyInterview.ErrorValidations" name="productErrorValidation" time="4.427"/>
</testsuite> <!-- Errorvalidation Test -->
