<?xml version="1.0" encoding="UTF-8"?>
<!-- Generated by org.testng.reporters.JUnitXMLReporter -->
<testsuite ignored="0" hostname="WINDOWS-J0ACLPE" failures="0" tests="3" name="StandAlone Test" time="39.007" errors="0" timestamp="2024-07-21T15:23:46 IST">
  <testcase classname="rahulshettyacademyInterview.StandAlone_2" name="submitOrder" time="9.491"/>
  <testcase classname="rahulshettyacademyInterview.StandAlone_2" name="submitOrder" time="9.448"/>
  <testcase classname="rahulshettyacademyInterview.StandAlone_2" name="OrderHistoryTest" time="1.33"/>
</testsuite> <!-- StandAlone Test -->
