<?xml version="1.0" encoding="UTF-8"?>
<testng-results ignored="0" total="5" passed="5" failed="0" skipped="0">
  <reporter-output>
  </reporter-output>
  <suite started-at="2024-07-21T15:23:07 IST" name="Suite" finished-at="2024-07-21T15:23:46 IST" duration-ms="39007">
    <groups>
      <group name="ErrorHandling">
        <method signature="ErrorValidations.LoginErrorValidation()[pri:0, instance:rahulshettyacademyInterview.ErrorValidations@53045c6c]" name="LoginErrorValidation" class="rahulshettyacademyInterview.ErrorValidations"/>
      </group> <!-- ErrorHandling -->
      <group name="Purchase">
        <method signature="StandAlone_2.submitOrder(java.util.HashMap)[pri:0, instance:rahulshettyacademyInterview.StandAlone_2@13fd2ccd]" name="submitOrder" class="rahulshettyacademyInterview.StandAlone_2"/>
      </group> <!-- Purchase -->
    </groups>
    <test started-at="2024-07-21T15:23:07 IST" name="Errorvalidation Test" finished-at="2024-07-21T15:23:32 IST" duration-ms="24947">
      <class name="rahulshettyacademyInterview.ErrorValidations">
        <test-method is-config="true" signature="launchApplication()[pri:0, instance:rahulshettyacademyInterview.ErrorValidations@53045c6c]" started-at="2024-07-21T15:23:07 IST" name="launchApplication" finished-at="2024-07-21T15:23:16 IST" duration-ms="8545" status="PASS">
          <reporter-output>
          </reporter-output>
        </test-method> <!-- launchApplication -->
        <test-method signature="LoginErrorValidation()[pri:0, instance:rahulshettyacademyInterview.ErrorValidations@53045c6c]" started-at="2024-07-21T15:23:16 IST" name="LoginErrorValidation" finished-at="2024-07-21T15:23:20 IST" duration-ms="4743" status="PASS">
          <reporter-output>
          </reporter-output>
        </test-method> <!-- LoginErrorValidation -->
        <test-method is-config="true" signature="tearDown()[pri:0, instance:rahulshettyacademyInterview.ErrorValidations@53045c6c]" started-at="2024-07-21T15:23:20 IST" name="tearDown" finished-at="2024-07-21T15:23:21 IST" duration-ms="923" status="PASS">
          <reporter-output>
          </reporter-output>
        </test-method> <!-- tearDown -->
        <test-method is-config="true" signature="launchApplication()[pri:0, instance:rahulshettyacademyInterview.ErrorValidations@53045c6c]" started-at="2024-07-21T15:23:21 IST" name="launchApplication" finished-at="2024-07-21T15:23:27 IST" duration-ms="5925" status="PASS">
          <reporter-output>
          </reporter-output>
        </test-method> <!-- launchApplication -->
        <test-method signature="productErrorValidation()[pri:0, instance:rahulshettyacademyInterview.ErrorValidations@53045c6c]" started-at="2024-07-21T15:23:27 IST" name="productErrorValidation" finished-at="2024-07-21T15:23:32 IST" duration-ms="4427" status="PASS">
          <reporter-output>
          </reporter-output>
        </test-method> <!-- productErrorValidation -->
        <test-method is-config="true" signature="tearDown()[pri:0, instance:rahulshettyacademyInterview.ErrorValidations@53045c6c]" started-at="2024-07-21T15:23:32 IST" name="tearDown" finished-at="2024-07-21T15:23:32 IST" duration-ms="291" status="PASS">
          <reporter-output>
          </reporter-output>
        </test-method> <!-- tearDown -->
      </class> <!-- rahulshettyacademyInterview.ErrorValidations -->
    </test> <!-- Errorvalidation Test -->
    <test started-at="2024-07-21T15:23:07 IST" name="StandAlone Test" finished-at="2024-07-21T15:23:46 IST" duration-ms="39007">
      <class name="rahulshettyacademyInterview.StandAlone_2">
        <test-method is-config="true" signature="launchApplication()[pri:0, instance:rahulshettyacademyInterview.StandAlone_2@13fd2ccd]" started-at="2024-07-21T15:23:07 IST" name="launchApplication" finished-at="2024-07-21T15:23:18 IST" duration-ms="11326" status="PASS">
          <reporter-output>
          </reporter-output>
        </test-method> <!-- launchApplication -->
        <test-method signature="submitOrder(java.util.HashMap)[pri:0, instance:rahulshettyacademyInterview.StandAlone_2@13fd2ccd]" started-at="2024-07-21T15:23:18 IST" name="submitOrder" data-provider="getData" finished-at="2024-07-21T15:23:28 IST" duration-ms="9491" status="PASS">
          <params>
            <param index="0">
              <value>
                <![CDATA[{password=Anirudha12@, product=ZARA COAT 3, email=abcxyz@gmail.com}]]>
              </value>
            </param>
          </params>
          <reporter-output>
          </reporter-output>
        </test-method> <!-- submitOrder -->
        <test-method is-config="true" signature="tearDown()[pri:0, instance:rahulshettyacademyInterview.StandAlone_2@13fd2ccd]" started-at="2024-07-21T15:23:28 IST" name="tearDown" finished-at="2024-07-21T15:23:28 IST" duration-ms="220" status="PASS">
          <reporter-output>
          </reporter-output>
        </test-method> <!-- tearDown -->
        <test-method is-config="true" signature="launchApplication()[pri:0, instance:rahulshettyacademyInterview.StandAlone_2@13fd2ccd]" started-at="2024-07-21T15:23:28 IST" name="launchApplication" finished-at="2024-07-21T15:23:31 IST" duration-ms="2410" status="PASS">
          <reporter-output>
          </reporter-output>
        </test-method> <!-- launchApplication -->
        <test-method signature="submitOrder(java.util.HashMap)[pri:0, instance:rahulshettyacademyInterview.StandAlone_2@13fd2ccd]" started-at="2024-07-21T15:23:31 IST" name="submitOrder" data-provider="getData" finished-at="2024-07-21T15:23:40 IST" duration-ms="9448" status="PASS">
          <params>
            <param index="0">
              <value>
                <![CDATA[{password=Iamking@000, product=ADIDAS ORIGINAL, email=shetty@gmail.com}]]>
              </value>
            </param>
          </params>
          <reporter-output>
          </reporter-output>
        </test-method> <!-- submitOrder -->
        <test-method is-config="true" signature="tearDown()[pri:0, instance:rahulshettyacademyInterview.StandAlone_2@13fd2ccd]" started-at="2024-07-21T15:23:40 IST" name="tearDown" finished-at="2024-07-21T15:23:40 IST" duration-ms="213" status="PASS">
          <reporter-output>
          </reporter-output>
        </test-method> <!-- tearDown -->
        <test-method is-config="true" signature="launchApplication()[pri:0, instance:rahulshettyacademyInterview.StandAlone_2@13fd2ccd]" started-at="2024-07-21T15:23:40 IST" name="launchApplication" finished-at="2024-07-21T15:23:45 IST" duration-ms="4324" status="PASS">
          <reporter-output>
          </reporter-output>
        </test-method> <!-- launchApplication -->
        <test-method signature="OrderHistoryTest()[pri:0, instance:rahulshettyacademyInterview.StandAlone_2@13fd2ccd]" started-at="2024-07-21T15:23:45 IST" name="OrderHistoryTest" finished-at="2024-07-21T15:23:46 IST" depends-on-methods="rahulshettyacademyInterview.StandAlone_2.submitOrder" duration-ms="1330" status="PASS">
          <reporter-output>
          </reporter-output>
        </test-method> <!-- OrderHistoryTest -->
        <test-method is-config="true" signature="tearDown()[pri:0, instance:rahulshettyacademyInterview.StandAlone_2@13fd2ccd]" started-at="2024-07-21T15:23:46 IST" name="tearDown" finished-at="2024-07-21T15:23:46 IST" duration-ms="166" status="PASS">
          <reporter-output>
          </reporter-output>
        </test-method> <!-- tearDown -->
      </class> <!-- rahulshettyacademyInterview.StandAlone_2 -->
    </test> <!-- StandAlone Test -->
  </suite> <!-- Suite -->
</testng-results>
